[06/Oct/2013:03:43:34] ENGINE Listening for SIGHUP.
[06/Oct/2013:03:43:34] ENGINE Listening for SIGTERM.
[06/Oct/2013:03:43:34] ENGINE Listening for SIGUSR1.
[06/Oct/2013:03:43:34] ENGINE Bus STARTING
[06/Oct/2013:03:43:34] ENGINE Started monitor thread 'Autoreloader'.
[06/Oct/2013:03:43:34] ENGINE Started monitor thread '_TimeoutMonitor'.
[06/Oct/2013:03:43:34] ENGINE Serving on 127.0.0.1:2000
[06/Oct/2013:03:43:34] ENGINE Bus STARTED
[06/Oct/2013:03:43:50] HTTP Traceback (most recent call last):
  File "/usr/lib64/python2.7/site-packages/cherrypy/_cprequest.py", line 656, in respond
    response.body = self.handler()
  File "/usr/lib64/python2.7/site-packages/cherrypy/lib/encoding.py", line 188, in __call__
    self.body = self.oldhandler(*args, **kwargs)
  File "/usr/lib64/python2.7/site-packages/cherrypy/_cpdispatch.py", line 34, in __call__
    return self.callable(*self.args, **self.kwargs)
  File "__init__.py", line 10, in index
    tmpl.css_scripts['static/css/main.css']
AttributeError: 'Template' object has no attribute 'css_scripts'

[06/Oct/2013:03:43:56] ENGINE Keyboard Interrupt: shutting down bus
[06/Oct/2013:03:43:56] ENGINE Bus STOPPING
[06/Oct/2013:03:43:56] ENGINE HTTP Server cherrypy._cpwsgi_server.CPWSGIServer(('127.0.0.1', 2000)) shut down
[06/Oct/2013:03:43:56] ENGINE Stopped thread '_TimeoutMonitor'.
[06/Oct/2013:03:43:56] ENGINE Stopped thread 'Autoreloader'.
[06/Oct/2013:03:43:56] ENGINE Bus STOPPED
[06/Oct/2013:03:43:56] ENGINE Bus EXITING
[06/Oct/2013:03:43:56] ENGINE Bus EXITED
[06/Oct/2013:03:43:56] ENGINE Waiting for child threads to terminate...
[06/Oct/2013:03:43:56] ENGINE Waiting for thread CP Server Thread-5.
[06/Oct/2013:03:44:07] ENGINE Listening for SIGHUP.
[06/Oct/2013:03:44:07] ENGINE Listening for SIGTERM.
[06/Oct/2013:03:44:07] ENGINE Listening for SIGUSR1.
[06/Oct/2013:03:44:07] ENGINE Bus STARTING
[06/Oct/2013:03:44:07] ENGINE Started monitor thread '_TimeoutMonitor'.
[06/Oct/2013:03:44:07] ENGINE Started monitor thread 'Autoreloader'.
[06/Oct/2013:03:44:07] ENGINE Serving on 127.0.0.1:2000
[06/Oct/2013:03:44:07] ENGINE Bus STARTED
[06/Oct/2013:03:44:12] ENGINE Keyboard Interrupt: shutting down bus
[06/Oct/2013:03:44:12] ENGINE Bus STOPPING
[06/Oct/2013:03:44:17] ENGINE HTTP Server cherrypy._cpwsgi_server.CPWSGIServer(('127.0.0.1', 2000)) shut down
[06/Oct/2013:03:44:17] ENGINE Stopped thread '_TimeoutMonitor'.
[06/Oct/2013:03:44:17] ENGINE Stopped thread 'Autoreloader'.
[06/Oct/2013:03:44:17] ENGINE Bus STOPPED
[06/Oct/2013:03:44:17] ENGINE Bus EXITING
[06/Oct/2013:03:44:17] ENGINE Bus EXITED
[06/Oct/2013:03:44:17] ENGINE Waiting for child threads to terminate...
[06/Oct/2013:03:44:17] ENGINE Waiting for thread CP Server Thread-7.
[06/Oct/2013:04:13:57] ENGINE Listening for SIGHUP.
[06/Oct/2013:04:13:57] ENGINE Listening for SIGTERM.
[06/Oct/2013:04:13:57] ENGINE Listening for SIGUSR1.
[06/Oct/2013:04:13:57] ENGINE Bus STARTING
[06/Oct/2013:04:13:57] ENGINE Started monitor thread '_TimeoutMonitor'.
[06/Oct/2013:04:13:57] ENGINE Started monitor thread 'Autoreloader'.
[06/Oct/2013:04:13:57] ENGINE Serving on 127.0.0.1:2000
[06/Oct/2013:04:13:57] ENGINE Bus STARTED
[06/Oct/2013:04:14:14] ENGINE Keyboard Interrupt: shutting down bus
[06/Oct/2013:04:14:14] ENGINE Bus STOPPING
[06/Oct/2013:04:14:19] ENGINE HTTP Server cherrypy._cpwsgi_server.CPWSGIServer(('127.0.0.1', 2000)) shut down
[06/Oct/2013:04:14:19] ENGINE Stopped thread '_TimeoutMonitor'.
[06/Oct/2013:04:14:19] ENGINE Stopped thread 'Autoreloader'.
[06/Oct/2013:04:14:19] ENGINE Bus STOPPED
[06/Oct/2013:04:14:19] ENGINE Bus EXITING
[06/Oct/2013:04:14:19] ENGINE Bus EXITED
[06/Oct/2013:04:14:19] ENGINE Waiting for child threads to terminate...
[06/Oct/2013:04:14:19] ENGINE Waiting for thread CP Server Thread-8.
[06/Oct/2013:04:14:52] ENGINE Listening for SIGHUP.
[06/Oct/2013:04:14:52] ENGINE Listening for SIGTERM.
[06/Oct/2013:04:14:52] ENGINE Listening for SIGUSR1.
[06/Oct/2013:04:14:52] ENGINE Bus STARTING
[06/Oct/2013:04:14:52] ENGINE Started monitor thread '_TimeoutMonitor'.
[06/Oct/2013:04:14:52] ENGINE Started monitor thread 'Autoreloader'.
[06/Oct/2013:04:14:52] ENGINE Serving on 127.0.0.1:2000
[06/Oct/2013:04:14:52] ENGINE Bus STARTED
[06/Oct/2013:04:15:30] ENGINE Keyboard Interrupt: shutting down bus
[06/Oct/2013:04:15:30] ENGINE Bus STOPPING
[06/Oct/2013:04:15:30] ENGINE HTTP Server cherrypy._cpwsgi_server.CPWSGIServer(('127.0.0.1', 2000)) shut down
[06/Oct/2013:04:15:30] ENGINE Stopped thread '_TimeoutMonitor'.
[06/Oct/2013:04:15:30] ENGINE Stopped thread 'Autoreloader'.
[06/Oct/2013:04:15:30] ENGINE Bus STOPPED
[06/Oct/2013:04:15:30] ENGINE Bus EXITING
[06/Oct/2013:04:15:30] ENGINE Bus EXITED
[06/Oct/2013:04:15:30] ENGINE Waiting for child threads to terminate...
[06/Oct/2013:04:31:38] ENGINE Listening for SIGHUP.
[06/Oct/2013:04:31:38] ENGINE Listening for SIGTERM.
[06/Oct/2013:04:31:38] ENGINE Listening for SIGUSR1.
[06/Oct/2013:04:31:38] ENGINE Bus STARTING
[06/Oct/2013:04:31:38] ENGINE Started monitor thread '_TimeoutMonitor'.
[06/Oct/2013:04:31:38] ENGINE Started monitor thread 'Autoreloader'.
[06/Oct/2013:04:31:39] ENGINE Serving on 127.0.0.1:2000
[06/Oct/2013:04:31:39] ENGINE Bus STARTED
[06/Oct/2013:04:32:49] ENGINE Restarting because /home/msd/Code/HackMIT/shakespearify/web/__init__.py changed.
[06/Oct/2013:04:32:49] ENGINE Stopped thread 'Autoreloader'.
[06/Oct/2013:04:32:49] ENGINE Bus STOPPING
[06/Oct/2013:04:32:49] ENGINE HTTP Server cherrypy._cpwsgi_server.CPWSGIServer(('127.0.0.1', 2000)) shut down
[06/Oct/2013:04:32:49] ENGINE Stopped thread '_TimeoutMonitor'.
[06/Oct/2013:04:32:49] ENGINE Bus STOPPED
[06/Oct/2013:04:32:49] ENGINE Bus EXITING
[06/Oct/2013:04:32:49] ENGINE Bus EXITED
[06/Oct/2013:04:32:49] ENGINE Waiting for child threads to terminate...
[06/Oct/2013:04:32:49] ENGINE Re-spawning __init__.py
[06/Oct/2013:04:33:44] ENGINE Listening for SIGHUP.
[06/Oct/2013:04:33:44] ENGINE Listening for SIGTERM.
[06/Oct/2013:04:33:44] ENGINE Listening for SIGUSR1.
[06/Oct/2013:04:33:44] ENGINE Bus STARTING
[06/Oct/2013:04:33:44] ENGINE Started monitor thread '_TimeoutMonitor'.
[06/Oct/2013:04:33:44] ENGINE Started monitor thread 'Autoreloader'.
[06/Oct/2013:04:33:44] ENGINE Serving on 127.0.0.1:2000
[06/Oct/2013:04:33:44] ENGINE Bus STARTED
[06/Oct/2013:04:34:31] ENGINE Restarting because /home/msd/Code/HackMIT/shakespearify/web/__init__.py changed.
[06/Oct/2013:04:34:31] ENGINE Stopped thread 'Autoreloader'.
[06/Oct/2013:04:34:31] ENGINE Bus STOPPING
[06/Oct/2013:04:34:31] ENGINE HTTP Server cherrypy._cpwsgi_server.CPWSGIServer(('127.0.0.1', 2000)) shut down
[06/Oct/2013:04:34:31] ENGINE Stopped thread '_TimeoutMonitor'.
[06/Oct/2013:04:34:31] ENGINE Bus STOPPED
[06/Oct/2013:04:34:31] ENGINE Bus EXITING
[06/Oct/2013:04:34:31] ENGINE Bus EXITED
[06/Oct/2013:04:34:31] ENGINE Waiting for child threads to terminate...
[06/Oct/2013:04:34:31] ENGINE Re-spawning __init__.py
[06/Oct/2013:04:35:26] ENGINE Listening for SIGHUP.
[06/Oct/2013:04:35:26] ENGINE Listening for SIGTERM.
[06/Oct/2013:04:35:26] ENGINE Listening for SIGUSR1.
[06/Oct/2013:04:35:26] ENGINE Bus STARTING
[06/Oct/2013:04:35:26] ENGINE Started monitor thread 'Autoreloader'.
[06/Oct/2013:04:35:26] ENGINE Started monitor thread '_TimeoutMonitor'.
[06/Oct/2013:04:35:26] ENGINE Serving on 127.0.0.1:2000
[06/Oct/2013:04:35:26] ENGINE Bus STARTED
[06/Oct/2013:04:39:33] ENGINE Keyboard Interrupt: shutting down bus
[06/Oct/2013:04:39:33] ENGINE Bus STOPPING
[06/Oct/2013:04:39:33] ENGINE HTTP Server cherrypy._cpwsgi_server.CPWSGIServer(('127.0.0.1', 2000)) shut down
[06/Oct/2013:04:39:33] ENGINE Stopped thread '_TimeoutMonitor'.
[06/Oct/2013:04:39:33] ENGINE Stopped thread 'Autoreloader'.
[06/Oct/2013:04:39:33] ENGINE Bus STOPPED
[06/Oct/2013:04:39:33] ENGINE Bus EXITING
[06/Oct/2013:04:39:33] ENGINE Bus EXITED
[06/Oct/2013:04:39:33] ENGINE Waiting for child threads to terminate...
[06/Oct/2013:04:40:35] ENGINE Listening for SIGHUP.
[06/Oct/2013:04:40:35] ENGINE Listening for SIGTERM.
[06/Oct/2013:04:40:35] ENGINE Listening for SIGUSR1.
[06/Oct/2013:04:40:35] ENGINE Bus STARTING
[06/Oct/2013:04:40:35] ENGINE Started monitor thread 'Autoreloader'.
[06/Oct/2013:04:40:35] ENGINE Started monitor thread '_TimeoutMonitor'.
[06/Oct/2013:04:40:35] ENGINE Serving on 127.0.0.1:2000
[06/Oct/2013:04:40:35] ENGINE Bus STARTED
[06/Oct/2013:04:41:56] ENGINE Keyboard Interrupt: shutting down bus
[06/Oct/2013:04:41:56] ENGINE Bus STOPPING
[06/Oct/2013:04:41:56] ENGINE HTTP Server cherrypy._cpwsgi_server.CPWSGIServer(('127.0.0.1', 2000)) shut down
[06/Oct/2013:04:41:56] ENGINE Stopped thread '_TimeoutMonitor'.
[06/Oct/2013:04:41:56] ENGINE Stopped thread 'Autoreloader'.
[06/Oct/2013:04:41:56] ENGINE Bus STOPPED
[06/Oct/2013:04:41:56] ENGINE Bus EXITING
[06/Oct/2013:04:41:56] ENGINE Bus EXITED
[06/Oct/2013:04:41:56] ENGINE Waiting for child threads to terminate...
[06/Oct/2013:04:41:56] ENGINE Waiting for thread CP Server Thread-5.
[06/Oct/2013:04:44:38] ENGINE Listening for SIGHUP.
[06/Oct/2013:04:44:38] ENGINE Listening for SIGTERM.
[06/Oct/2013:04:44:38] ENGINE Listening for SIGUSR1.
[06/Oct/2013:04:44:38] ENGINE Bus STARTING
[06/Oct/2013:04:44:38] ENGINE Started monitor thread 'Autoreloader'.
[06/Oct/2013:04:44:38] ENGINE Started monitor thread '_TimeoutMonitor'.
[06/Oct/2013:04:44:38] ENGINE Serving on 127.0.0.1:2000
[06/Oct/2013:04:44:38] ENGINE Bus STARTED
[06/Oct/2013:04:49:36] ENGINE Restarting because /home/msd/Code/HackMIT/shakespearify/findAuthor/tester.py changed.
[06/Oct/2013:04:49:36] ENGINE Stopped thread 'Autoreloader'.
[06/Oct/2013:04:49:36] ENGINE Bus STOPPING
[06/Oct/2013:04:49:36] ENGINE HTTP Server cherrypy._cpwsgi_server.CPWSGIServer(('127.0.0.1', 2000)) shut down
[06/Oct/2013:04:49:36] ENGINE Stopped thread '_TimeoutMonitor'.
[06/Oct/2013:04:49:36] ENGINE Bus STOPPED
[06/Oct/2013:04:49:36] ENGINE Bus EXITING
[06/Oct/2013:04:49:36] ENGINE Bus EXITED
[06/Oct/2013:04:49:36] ENGINE Waiting for child threads to terminate...
[06/Oct/2013:04:49:36] ENGINE Re-spawning __init__.py
[06/Oct/2013:04:49:51] ENGINE Listening for SIGHUP.
[06/Oct/2013:04:49:51] ENGINE Listening for SIGTERM.
[06/Oct/2013:04:49:51] ENGINE Listening for SIGUSR1.
[06/Oct/2013:04:49:51] ENGINE Bus STARTING
[06/Oct/2013:04:49:51] ENGINE Started monitor thread 'Autoreloader'.
[06/Oct/2013:04:49:51] ENGINE Started monitor thread '_TimeoutMonitor'.
[06/Oct/2013:04:49:51] ENGINE Serving on 127.0.0.1:2000
[06/Oct/2013:04:49:51] ENGINE Bus STARTED
[06/Oct/2013:04:50:00] ENGINE Listening for SIGHUP.
[06/Oct/2013:04:50:00] ENGINE Listening for SIGTERM.
[06/Oct/2013:04:50:00] ENGINE Listening for SIGUSR1.
[06/Oct/2013:04:50:00] ENGINE Bus STARTING
[06/Oct/2013:04:50:00] ENGINE Started monitor thread 'Autoreloader'.
[06/Oct/2013:04:50:00] ENGINE Started monitor thread '_TimeoutMonitor'.
[06/Oct/2013:04:50:06] ENGINE Error in 'start' listener <bound method Server.start of <cherrypy._cpserver.Server object at 0xd6c790>>
Traceback (most recent call last):
  File "/usr/lib64/python2.7/site-packages/cherrypy/process/wspbus.py", line 197, in publish
    output.append(listener(*args, **kwargs))
  File "/usr/lib64/python2.7/site-packages/cherrypy/_cpserver.py", line 151, in start
    ServerAdapter.start(self)
  File "/usr/lib64/python2.7/site-packages/cherrypy/process/servers.py", line 168, in start
    wait_for_free_port(*self.bind_addr)
  File "/usr/lib64/python2.7/site-packages/cherrypy/process/servers.py", line 412, in wait_for_free_port
    raise IOError("Port %r not free on %r" % (port, host))
IOError: Port 2000 not free on '127.0.0.1'

[06/Oct/2013:04:50:06] ENGINE Shutting down due to error in start listener:
Traceback (most recent call last):
  File "/usr/lib64/python2.7/site-packages/cherrypy/process/wspbus.py", line 235, in start
    self.publish('start')
  File "/usr/lib64/python2.7/site-packages/cherrypy/process/wspbus.py", line 215, in publish
    raise exc
ChannelFailures: IOError("Port 2000 not free on '127.0.0.1'",)

[06/Oct/2013:04:50:06] ENGINE Bus STOPPING
[06/Oct/2013:04:50:06] ENGINE HTTP Server cherrypy._cpwsgi_server.CPWSGIServer(('127.0.0.1', 2000)) already shut down
[06/Oct/2013:04:50:06] ENGINE Stopped thread '_TimeoutMonitor'.
[06/Oct/2013:04:50:06] ENGINE Stopped thread 'Autoreloader'.
[06/Oct/2013:04:50:06] ENGINE Bus STOPPED
[06/Oct/2013:04:50:06] ENGINE Bus EXITING
[06/Oct/2013:04:50:06] ENGINE Bus EXITED
[06/Oct/2013:05:16:13] ENGINE Restarting because /home/msd/Code/HackMIT/shakespearify/findAuthor/findAuthor.py changed.
[06/Oct/2013:05:16:13] ENGINE Stopped thread 'Autoreloader'.
[06/Oct/2013:05:16:13] ENGINE Bus STOPPING
[06/Oct/2013:05:16:13] ENGINE HTTP Server cherrypy._cpwsgi_server.CPWSGIServer(('127.0.0.1', 2000)) shut down
[06/Oct/2013:05:16:13] ENGINE Stopped thread '_TimeoutMonitor'.
[06/Oct/2013:05:16:13] ENGINE Bus STOPPED
[06/Oct/2013:05:16:13] ENGINE Bus EXITING
[06/Oct/2013:05:16:13] ENGINE Bus EXITED
[06/Oct/2013:05:16:13] ENGINE Waiting for child threads to terminate...
[06/Oct/2013:05:16:13] ENGINE Re-spawning __init__.py
[06/Oct/2013:05:16:42] ENGINE Listening for SIGHUP.
[06/Oct/2013:05:16:42] ENGINE Listening for SIGTERM.
[06/Oct/2013:05:16:42] ENGINE Listening for SIGUSR1.
[06/Oct/2013:05:16:42] ENGINE Bus STARTING
[06/Oct/2013:05:16:42] ENGINE Started monitor thread 'Autoreloader'.
[06/Oct/2013:05:16:42] ENGINE Started monitor thread '_TimeoutMonitor'.
[06/Oct/2013:05:16:42] ENGINE Serving on 127.0.0.1:2000
[06/Oct/2013:05:16:42] ENGINE Bus STARTED
[06/Oct/2013:05:20:25] ENGINE Listening for SIGHUP.
[06/Oct/2013:05:20:25] ENGINE Listening for SIGTERM.
[06/Oct/2013:05:20:25] ENGINE Listening for SIGUSR1.
[06/Oct/2013:05:20:25] ENGINE Bus STARTING
[06/Oct/2013:05:20:25] ENGINE Started monitor thread 'Autoreloader'.
[06/Oct/2013:05:20:25] ENGINE Started monitor thread '_TimeoutMonitor'.
[06/Oct/2013:05:20:30] ENGINE Error in 'start' listener <bound method Server.start of <cherrypy._cpserver.Server object at 0x1b08790>>
Traceback (most recent call last):
  File "/usr/lib64/python2.7/site-packages/cherrypy/process/wspbus.py", line 197, in publish
    output.append(listener(*args, **kwargs))
  File "/usr/lib64/python2.7/site-packages/cherrypy/_cpserver.py", line 151, in start
    ServerAdapter.start(self)
  File "/usr/lib64/python2.7/site-packages/cherrypy/process/servers.py", line 168, in start
    wait_for_free_port(*self.bind_addr)
  File "/usr/lib64/python2.7/site-packages/cherrypy/process/servers.py", line 412, in wait_for_free_port
    raise IOError("Port %r not free on %r" % (port, host))
IOError: Port 2000 not free on '127.0.0.1'

[06/Oct/2013:05:20:30] ENGINE Shutting down due to error in start listener:
Traceback (most recent call last):
  File "/usr/lib64/python2.7/site-packages/cherrypy/process/wspbus.py", line 235, in start
    self.publish('start')
  File "/usr/lib64/python2.7/site-packages/cherrypy/process/wspbus.py", line 215, in publish
    raise exc
ChannelFailures: IOError("Port 2000 not free on '127.0.0.1'",)

[06/Oct/2013:05:20:30] ENGINE Bus STOPPING
[06/Oct/2013:05:20:30] ENGINE HTTP Server cherrypy._cpwsgi_server.CPWSGIServer(('127.0.0.1', 2000)) already shut down
[06/Oct/2013:05:20:30] ENGINE Stopped thread '_TimeoutMonitor'.
[06/Oct/2013:05:20:30] ENGINE Stopped thread 'Autoreloader'.
[06/Oct/2013:05:20:30] ENGINE Bus STOPPED
[06/Oct/2013:05:20:30] ENGINE Bus EXITING
[06/Oct/2013:05:20:30] ENGINE Bus EXITED
[06/Oct/2013:06:04:07] ENGINE Caught signal SIGHUP.
[06/Oct/2013:06:04:07] ENGINE SIGHUP caught while daemonized. Restarting.
[06/Oct/2013:06:04:07] ENGINE Bus STOPPING
[06/Oct/2013:06:04:07] ENGINE HTTP Server cherrypy._cpwsgi_server.CPWSGIServer(('127.0.0.1', 2000)) shut down
[06/Oct/2013:06:04:07] ENGINE Stopped thread '_TimeoutMonitor'.
[06/Oct/2013:06:04:07] ENGINE Stopped thread 'Autoreloader'.
[06/Oct/2013:06:04:07] ENGINE Bus STOPPED
[06/Oct/2013:06:04:07] ENGINE Bus EXITING
[06/Oct/2013:06:04:07] ENGINE Bus EXITED
[06/Oct/2013:06:04:07] ENGINE Waiting for child threads to terminate...
[06/Oct/2013:06:04:07] ENGINE Re-spawning __init__.py
[06/Oct/2013:06:04:38] ENGINE Listening for SIGHUP.
[06/Oct/2013:06:04:38] ENGINE Listening for SIGTERM.
[06/Oct/2013:06:04:38] ENGINE Listening for SIGUSR1.
[06/Oct/2013:06:04:38] ENGINE Bus STARTING
[06/Oct/2013:06:04:38] ENGINE Started monitor thread 'Autoreloader'.
[06/Oct/2013:06:04:38] ENGINE Started monitor thread '_TimeoutMonitor'.
[06/Oct/2013:06:04:38] ENGINE Serving on 127.0.0.1:2000
[06/Oct/2013:06:04:38] ENGINE Bus STARTED
[06/Oct/2013:06:16:05] ENGINE Listening for SIGHUP.
[06/Oct/2013:06:16:05] ENGINE Listening for SIGTERM.
[06/Oct/2013:06:16:05] ENGINE Listening for SIGUSR1.
[06/Oct/2013:06:16:05] ENGINE Bus STARTING
[06/Oct/2013:06:16:05] ENGINE Started monitor thread 'Autoreloader'.
[06/Oct/2013:06:16:05] ENGINE Started monitor thread '_TimeoutMonitor'.
[06/Oct/2013:06:16:10] ENGINE Error in 'start' listener <bound method Server.start of <cherrypy._cpserver.Server object at 0x1257790>>
Traceback (most recent call last):
  File "/usr/lib64/python2.7/site-packages/cherrypy/process/wspbus.py", line 197, in publish
    output.append(listener(*args, **kwargs))
  File "/usr/lib64/python2.7/site-packages/cherrypy/_cpserver.py", line 151, in start
    ServerAdapter.start(self)
  File "/usr/lib64/python2.7/site-packages/cherrypy/process/servers.py", line 168, in start
    wait_for_free_port(*self.bind_addr)
  File "/usr/lib64/python2.7/site-packages/cherrypy/process/servers.py", line 412, in wait_for_free_port
    raise IOError("Port %r not free on %r" % (port, host))
IOError: Port 2000 not free on '127.0.0.1'

[06/Oct/2013:06:16:10] ENGINE Shutting down due to error in start listener:
Traceback (most recent call last):
  File "/usr/lib64/python2.7/site-packages/cherrypy/process/wspbus.py", line 235, in start
    self.publish('start')
  File "/usr/lib64/python2.7/site-packages/cherrypy/process/wspbus.py", line 215, in publish
    raise exc
ChannelFailures: IOError("Port 2000 not free on '127.0.0.1'",)

[06/Oct/2013:06:16:10] ENGINE Bus STOPPING
[06/Oct/2013:06:16:10] ENGINE HTTP Server cherrypy._cpwsgi_server.CPWSGIServer(('127.0.0.1', 2000)) already shut down
[06/Oct/2013:06:16:10] ENGINE Stopped thread '_TimeoutMonitor'.
[06/Oct/2013:06:16:10] ENGINE Stopped thread 'Autoreloader'.
[06/Oct/2013:06:16:10] ENGINE Bus STOPPED
[06/Oct/2013:06:16:10] ENGINE Bus EXITING
[06/Oct/2013:06:16:10] ENGINE Bus EXITED
[06/Oct/2013:06:16:51] ENGINE Caught signal SIGTERM.
[06/Oct/2013:06:16:51] ENGINE Bus STOPPING
[06/Oct/2013:06:16:51] ENGINE HTTP Server cherrypy._cpwsgi_server.CPWSGIServer(('127.0.0.1', 2000)) shut down
[06/Oct/2013:06:16:51] ENGINE Stopped thread '_TimeoutMonitor'.
[06/Oct/2013:06:16:51] ENGINE Stopped thread 'Autoreloader'.
[06/Oct/2013:06:16:51] ENGINE Bus STOPPED
[06/Oct/2013:06:16:51] ENGINE Bus EXITING
[06/Oct/2013:06:16:51] ENGINE Bus EXITED
[06/Oct/2013:06:16:51] ENGINE Waiting for child threads to terminate...
[06/Oct/2013:06:17:29] ENGINE Listening for SIGHUP.
[06/Oct/2013:06:17:29] ENGINE Listening for SIGTERM.
[06/Oct/2013:06:17:29] ENGINE Listening for SIGUSR1.
[06/Oct/2013:06:17:29] ENGINE Bus STARTING
[06/Oct/2013:06:17:29] ENGINE Started monitor thread 'Autoreloader'.
[06/Oct/2013:06:17:29] ENGINE Started monitor thread '_TimeoutMonitor'.
[06/Oct/2013:06:17:29] ENGINE Serving on 127.0.0.1:2000
[06/Oct/2013:06:17:29] ENGINE Bus STARTED
